{"message":"GET /hello.html 200 378 - 7.721 ms","level":"info"}
{"message":"GET /favicon.ico 404 150 - 4.923 ms","level":"info"}
{"message":"GET /index.html 200 935 - 2.147 ms","level":"info"}
{"message":"GET /mapbox-gl_r.css 200 34825 - 2.241 ms","level":"info"}
{"message":"GET /mapbox-gl.js 200 745112 - 1.560 ms","level":"info"}
{"message":"GET /style.json 200 30 - 2.693 ms","level":"info"}
{"message":"GET /zxy/clearmap/0/0/0.pbf 200 125360 - 13.474 ms","level":"info"}
{"message":"GET /zxy/clearmap/1/0/1.pbf 200 27893 - 4.001 ms","level":"info"}
{"message":"GET /hello.html 404 149 - 13.781 ms","level":"info"}
{"message":"GET /index.html 200 493 - 4.424 ms","level":"info"}
{"message":"GET /index.html 200 504 - 3.570 ms","level":"info"}
{"message":"GET /index.html 200 502 - 6.086 ms","level":"info"}
{"message":"GET /index.html 200 542 - 6.384 ms","level":"info"}
{"message":"GET /index.html 200 546 - 2.125 ms","level":"info"}
{"message":"GET /index.html 200 710 - 7.214 ms","level":"info"}
{"message":"GET /index.html 200 690 - 6.378 ms","level":"info"}
{"message":"GET /map.html 200 935 - 1.369 ms","level":"info"}
{"message":"GET /mapbox-gl.js 304 - - 1.301 ms","level":"info"}
{"message":"GET /mapbox-gl_r.css 304 - - 3.254 ms","level":"info"}
{"message":"GET /style.json 304 - - 1.491 ms","level":"info"}
{"message":"GET /style.json 200 30 - 1.511 ms","level":"info"}
